# JRE version: OpenJDK Runtime Environment Temurin-17.0.4.1+1 (17.0.4.1+1) (build 17.0.4.1+1)
# Java VM: OpenJDK 64-Bit Server VM Temurin-17.0.4.1+1 (17.0.4.1+1, mixed mode, emulated-client, tiered, compressed oops, compressed class ptrs, g1 gc, windows-amd64)
GC Precious Log:
 CPUs: 12 total, 12 available
 Memory: 16177M
 Large Page Support: Disabled
 NUMA Support: Disabled
 Compressed Oops: Enabled (Zero based)
 Heap Region Size: 2M
 Heap Min Capacity: 8M
 Heap Initial Capacity: 254M
 Heap Max Capacity: 4046M
 Pre-touch: Disabled
 Parallel Workers: 10
 Concurrent Workers: 3
 Concurrent Refinement Workers: 10
 Periodic GC: Disabled
Heap:
 garbage-first heap   total 122880K, used 35532K [0x0000000703200000, 0x0000000800000000)
  region size 2048K, 1 young (2048K), 0 survivors (0K)
 Metaspace       used 53577K, committed 54016K, reserved 1097728K
  class space    used 7077K, committed 7296K, reserved 1048576K
GC Heap History (20 events):
Event: 46869.185 GC heap before
{Heap before GC invocations=1718 (full 1695):
 garbage-first heap   total 122880K, used 35532K [0x0000000703200000, 0x0000000800000000)
  region size 2048K, 1 young (2048K), 0 survivors (0K)
 Metaspace       used 53558K, committed 54016K, reserved 1097728K
  class space    used 7073K, committed 7296K, reserved 1048576K
}
Event: 46869.225 GC heap after
{Heap after GC invocations=1719 (full 1696):
 garbage-first heap   total 122880K, used 35532K [0x0000000703200000, 0x0000000800000000)
  region size 2048K, 0 young (0K), 0 survivors (0K)
 Metaspace       used 53558K, committed 54016K, reserved 1097728K
  class space    used 7073K, committed 7296K, reserved 1048576K
}
Event: 46879.408 GC heap before
{Heap before GC invocations=1719 (full 1696):
 garbage-first heap   total 122880K, used 35532K [0x0000000703200000, 0x0000000800000000)
  region size 2048K, 1 young (2048K), 0 survivors (0K)
 Metaspace       used 53558K, committed 54016K, reserved 1097728K
  class space    used 7073K, committed 7296K, reserved 1048576K
}
Event: 46879.444 GC heap after
{Heap after GC invocations=1720 (full 1697):
 garbage-first heap   total 122880K, used 35532K [0x0000000703200000, 0x0000000800000000)
  region size 2048K, 0 young (0K), 0 survivors (0K)
 Metaspace       used 53558K, committed 54016K, reserved 1097728K
  class space    used 7073K, committed 7296K, reserved 1048576K
}
Event: 46889.622 GC heap before
{Heap before GC invocations=1720 (full 1697):
 garbage-first heap   total 122880K, used 35532K [0x0000000703200000, 0x0000000800000000)
  region size 2048K, 1 young (2048K), 0 survivors (0K)
 Metaspace       used 53558K, committed 54016K, reserved 1097728K
  class space    used 7073K, committed 7296K, reserved 1048576K
}
Event: 46889.654 GC heap after
{Heap after GC invocations=1721 (full 1698):
 garbage-first heap   total 122880K, used 35532K [0x0000000703200000, 0x0000000800000000)
  region size 2048K, 0 young (0K), 0 survivors (0K)
 Metaspace       used 53558K, committed 54016K, reserved 1097728K
  class space    used 7073K, committed 7296K, reserved 1048576K
}
Event: 46900.153 GC heap before
{Heap before GC invocations=1721 (full 1698):
 garbage-first heap   total 122880K, used 35532K [0x0000000703200000, 0x0000000800000000)
  region size 2048K, 1 young (2048K), 0 survivors (0K)
 Metaspace       used 53558K, committed 54016K, reserved 1097728K
  class space    used 7073K, committed 7296K, reserved 1048576K
}
Event: 46900.195 GC heap after
{Heap after GC invocations=1722 (full 1699):
 garbage-first heap   total 122880K, used 35532K [0x0000000703200000, 0x0000000800000000)
  region size 2048K, 0 young (0K), 0 survivors (0K)
 Metaspace       used 53558K, committed 54016K, reserved 1097728K
  class space    used 7073K, committed 7296K, reserved 1048576K
}
Event: 46910.411 GC heap before
{Heap before GC invocations=1722 (full 1699):
 garbage-first heap   total 122880K, used 35532K [0x0000000703200000, 0x0000000800000000)
  region size 2048K, 1 young (2048K), 0 survivors (0K)
 Metaspace       used 53558K, committed 54016K, reserved 1097728K
  class space    used 7073K, committed 7296K, reserved 1048576K
}
Event: 46910.449 GC heap after
{Heap after GC invocations=1723 (full 1700):
 garbage-first heap   total 122880K, used 35532K [0x0000000703200000, 0x0000000800000000)
  region size 2048K, 0 young (0K), 0 survivors (0K)
 Metaspace       used 53558K, committed 54016K, reserved 1097728K
  class space    used 7073K, committed 7296K, reserved 1048576K
}
Event: 46920.673 GC heap before
{Heap before GC invocations=1723 (full 1700):
 garbage-first heap   total 122880K, used 35532K [0x0000000703200000, 0x0000000800000000)
  region size 2048K, 1 young (2048K), 0 survivors (0K)
 Metaspace       used 53558K, committed 54016K, reserved 1097728K
  class space    used 7073K, committed 7296K, reserved 1048576K
}
Event: 46920.717 GC heap after
{Heap after GC invocations=1724 (full 1701):
 garbage-first heap   total 122880K, used 35532K [0x0000000703200000, 0x0000000800000000)
  region size 2048K, 0 young (0K), 0 survivors (0K)
 Metaspace       used 53558K, committed 54016K, reserved 1097728K
  class space    used 7073K, committed 7296K, reserved 1048576K
}
Event: 46930.931 GC heap before
{Heap before GC invocations=1724 (full 1701):
 garbage-first heap   total 122880K, used 35532K [0x0000000703200000, 0x0000000800000000)
  region size 2048K, 1 young (2048K), 0 survivors (0K)
 Metaspace       used 53558K, committed 54016K, reserved 1097728K
  class space    used 7073K, committed 7296K, reserved 1048576K
}
Event: 46930.964 GC heap after
{Heap after GC invocations=1725 (full 1702):
 garbage-first heap   total 122880K, used 35532K [0x0000000703200000, 0x0000000800000000)
  region size 2048K, 0 young (0K), 0 survivors (0K)
 Metaspace       used 53558K, committed 54016K, reserved 1097728K
  class space    used 7073K, committed 7296K, reserved 1048576K
}
Event: 46941.346 GC heap before
{Heap before GC invocations=1725 (full 1702):
 garbage-first heap   total 122880K, used 35532K [0x0000000703200000, 0x0000000800000000)
  region size 2048K, 1 young (2048K), 0 survivors (0K)
 Metaspace       used 53558K, committed 54016K, reserved 1097728K
  class space    used 7073K, committed 7296K, reserved 1048576K
}
Event: 46941.382 GC heap after
{Heap after GC invocations=1726 (full 1703):
 garbage-first heap   total 122880K, used 35532K [0x0000000703200000, 0x0000000800000000)
  region size 2048K, 0 young (0K), 0 survivors (0K)
 Metaspace       used 53558K, committed 54016K, reserved 1097728K
  class space    used 7073K, committed 7296K, reserved 1048576K
}
Event: 46951.607 GC heap before
{Heap before GC invocations=1726 (full 1703):
 garbage-first heap   total 122880K, used 35532K [0x0000000703200000, 0x0000000800000000)
  region size 2048K, 1 young (2048K), 0 survivors (0K)
 Metaspace       used 53558K, committed 54016K, reserved 1097728K
  class space    used 7073K, committed 7296K, reserved 1048576K
}
Event: 46951.635 GC heap after
{Heap after GC invocations=1727 (full 1704):
 garbage-first heap   total 122880K, used 35532K [0x0000000703200000, 0x0000000800000000)
  region size 2048K, 0 young (0K), 0 survivors (0K)
 Metaspace       used 53558K, committed 54016K, reserved 1097728K
  class space    used 7073K, committed 7296K, reserved 1048576K
}
Event: 46961.818 GC heap before
{Heap before GC invocations=1727 (full 1704):
 garbage-first heap   total 122880K, used 35532K [0x0000000703200000, 0x0000000800000000)
  region size 2048K, 1 young (2048K), 0 survivors (0K)
 Metaspace       used 53558K, committed 54016K, reserved 1097728K
  class space    used 7073K, committed 7296K, reserved 1048576K
}
Event: 46961.856 GC heap after
{Heap after GC invocations=1728 (full 1705):
 garbage-first heap   total 122880K, used 35532K [0x0000000703200000, 0x0000000800000000)
  region size 2048K, 0 young (0K), 0 survivors (0K)
 Metaspace       used 53558K, committed 54016K, reserved 1097728K
  class space    used 7073K, committed 7296K, reserved 1048576K
}

